Performing C SOURCE FILE Test CMAKE_HAVE_LIBC_PTHREAD failed with the following output:
Change Dir: /home/lucia/ROS2/colcon_ws/src/navigation2-k-bots/build/bt_behavior/CMakeFiles/CMakeTmp

Run Build Command(s):/usr/bin/make cmTC_ab98d/fast && /usr/bin/make -f CMakeFiles/cmTC_ab98d.dir/build.make CMakeFiles/cmTC_ab98d.dir/build
make[1]: se entra en el directorio '/home/lucia/ROS2/colcon_ws/src/navigation2-k-bots/build/bt_behavior/CMakeFiles/CMakeTmp'
Building C object CMakeFiles/cmTC_ab98d.dir/src.c.o
/usr/bin/cc   -DCMAKE_HAVE_LIBC_PTHREAD   -o CMakeFiles/cmTC_ab98d.dir/src.c.o   -c /home/lucia/ROS2/colcon_ws/src/navigation2-k-bots/build/bt_behavior/CMakeFiles/CMakeTmp/src.c
Linking C executable cmTC_ab98d
/usr/bin/cmake -E cmake_link_script CMakeFiles/cmTC_ab98d.dir/link.txt --verbose=1
/usr/bin/cc  -DCMAKE_HAVE_LIBC_PTHREAD    CMakeFiles/cmTC_ab98d.dir/src.c.o  -o cmTC_ab98d 
/usr/bin/ld: CMakeFiles/cmTC_ab98d.dir/src.c.o: en la función `main':
src.c:(.text+0x46): referencia a `pthread_create' sin definir
/usr/bin/ld: src.c:(.text+0x52): referencia a `pthread_detach' sin definir
/usr/bin/ld: src.c:(.text+0x63): referencia a `pthread_join' sin definir
collect2: error: ld returned 1 exit status
make[1]: *** [CMakeFiles/cmTC_ab98d.dir/build.make:87: cmTC_ab98d] Error 1
make[1]: se sale del directorio '/home/lucia/ROS2/colcon_ws/src/navigation2-k-bots/build/bt_behavior/CMakeFiles/CMakeTmp'
make: *** [Makefile:121: cmTC_ab98d/fast] Error 2


Source file was:
#include <pthread.h>

void* test_func(void* data)
{
  return data;
}

int main(void)
{
  pthread_t thread;
  pthread_create(&thread, NULL, test_func, NULL);
  pthread_detach(thread);
  pthread_join(thread, NULL);
  pthread_atfork(NULL, NULL, NULL);
  pthread_exit(NULL);

  return 0;
}

Determining if the function pthread_create exists in the pthreads failed with the following output:
Change Dir: /home/lucia/ROS2/colcon_ws/src/navigation2-k-bots/build/bt_behavior/CMakeFiles/CMakeTmp

Run Build Command(s):/usr/bin/make cmTC_dc40e/fast && /usr/bin/make -f CMakeFiles/cmTC_dc40e.dir/build.make CMakeFiles/cmTC_dc40e.dir/build
make[1]: se entra en el directorio '/home/lucia/ROS2/colcon_ws/src/navigation2-k-bots/build/bt_behavior/CMakeFiles/CMakeTmp'
Building C object CMakeFiles/cmTC_dc40e.dir/CheckFunctionExists.c.o
/usr/bin/cc   -DCHECK_FUNCTION_EXISTS=pthread_create   -o CMakeFiles/cmTC_dc40e.dir/CheckFunctionExists.c.o   -c /usr/share/cmake-3.16/Modules/CheckFunctionExists.c
Linking C executable cmTC_dc40e
/usr/bin/cmake -E cmake_link_script CMakeFiles/cmTC_dc40e.dir/link.txt --verbose=1
/usr/bin/cc  -DCHECK_FUNCTION_EXISTS=pthread_create    CMakeFiles/cmTC_dc40e.dir/CheckFunctionExists.c.o  -o cmTC_dc40e  -lpthreads 
/usr/bin/ld: no se puede encontrar -lpthreads
collect2: error: ld returned 1 exit status
make[1]: *** [CMakeFiles/cmTC_dc40e.dir/build.make:87: cmTC_dc40e] Error 1
make[1]: se sale del directorio '/home/lucia/ROS2/colcon_ws/src/navigation2-k-bots/build/bt_behavior/CMakeFiles/CMakeTmp'
make: *** [Makefile:121: cmTC_dc40e/fast] Error 2



